<?xml version="1.0" encoding="UTF-8"?>
<testsuite xmlns:xsi="http://www.w3.org/2001/XMLSchema-instance" xsi:noNamespaceSchemaLocation="https://maven.apache.org/surefire/maven-surefire-plugin/xsd/surefire-test-report-3.0.xsd" version="3.0" name="tests.GPathTests" time="0.523" tests="2" errors="0" skipped="0" failures="0">
  <properties>
[...]
</properties>
  <testcase name="checkName_withGpath" classname="tests.GPathTests" time="0.356">
    <system-out><![CDATA[Booking ID is: 4780
]]></system-out>
  </testcase>
  <testcase name="checkDate_withGpath" classname="tests.GPathTests" time="0.164"/>
</testsuite>